<?xml version="1.0" encoding="UTF-8"?>
<!-- Generated by org.testng.reporters.JUnitReportReporter -->
<testsuite hostname="DESKTOP-N1FQNGE" failures="0" tests="2" name="day18.pack1.class1" time="0.018" errors="0" timestamp="2024-05-02T19:38:41 IST" skipped="0">
  <testcase classname="day18.pack1.class1" name="abc" time="0.001"/>
  <system-out/>
  <testcase classname="day18.pack1.class1" name="abc" time="0.017"/>
  <system-out/>
</testsuite> <!-- day18.pack1.class1 -->
