<?xml version="1.0" encoding="UTF-8"?>
<!-- Generated by org.testng.reporters.JUnitReportReporter -->
<testsuite hostname="DESKTOP-N1FQNGE" failures="0" tests="3" name="day17.ThirdTestCase" time="0.004" errors="0" timestamp="2024-05-01T16:34:56 IST" skipped="0">
  <testcase classname="day17.ThirdTestCase" name="test3" time="0.001"/>
  <system-out/>
  <testcase classname="day17.ThirdTestCase" name="test1" time="0.002"/>
  <system-out/>
  <testcase classname="day17.ThirdTestCase" name="test2" time="0.001"/>
  <system-out/>
</testsuite> <!-- day17.ThirdTestCase -->
