<?xml version="1.0" encoding="UTF-8"?>
<!-- Generated by org.testng.reporters.JUnitReportReporter -->
<testsuite hostname="DESKTOP-N1FQNGE" failures="0" tests="2" name="day18.AllAnnotations" time="0.017" errors="0" timestamp="2024-05-02T20:18:24 IST" skipped="0">
  <testcase classname="day18.AllAnnotations" name="tm1" time="0.011"/>
  <system-out/>
  <testcase classname="day18.AllAnnotations" name="tm2" time="0.006"/>
  <system-out/>
</testsuite> <!-- day18.AllAnnotations -->
