<?xml version="1.0" encoding="UTF-8"?>
<!-- Generated by org.testng.reporters.JUnitReportReporter -->
<testsuite hostname="DESKTOP-N1FQNGE" failures="0" tests="3" name="day19.Grouping" time="0.016" errors="0" timestamp="2024-05-03T20:22:47 IST" skipped="0">
  <testcase classname="day19.Grouping" name="signupbyfacebook" time="0.011"/>
  <system-out/>
  <testcase classname="day19.Grouping" name="signupbytwitter" time="0.002"/>
  <system-out/>
  <testcase classname="day19.Grouping" name="paymentReturnbyBank" time="0.003"/>
  <system-out/>
</testsuite> <!-- day19.Grouping -->
