<?xml version="1.0" encoding="UTF-8"?>
<!-- Generated by org.testng.reporters.JUnitReportReporter -->
<testsuite hostname="DESKTOP-N1FQNGE" failures="0" tests="3" name="day17.SecondTest" time="11.367" errors="0" timestamp="2024-05-01T16:34:56 IST" skipped="0">
  <testcase classname="day17.SecondTest" name="openApp" time="8.486"/>
  <system-out/>
  <testcase classname="day17.SecondTest" name="login" time="2.494"/>
  <system-out/>
  <testcase classname="day17.SecondTest" name="closeApp" time="0.387"/>
  <system-out/>
</testsuite> <!-- day17.SecondTest -->
