<?xml version="1.0" encoding="UTF-8"?>
<!-- Generated by org.testng.reporters.JUnitReportReporter -->
<testsuite hostname="DESKTOP-N1FQNGE" failures="0" tests="3" name="day17.FirstTest" time="0.017" errors="0" timestamp="2024-05-01T13:39:56 IST" skipped="0">
  <testcase classname="day17.FirstTest" name="test2" time="0.003"/>
  <system-out/>
  <testcase classname="day17.FirstTest" name="test3" time="0.002"/>
  <system-out/>
  <testcase classname="day17.FirstTest" name="test1" time="0.012"/>
  <system-out/>
</testsuite> <!-- day17.FirstTest -->
