<?xml version="1.0" encoding="UTF-8"?>
<!-- Generated by org.testng.reporters.JUnitReportReporter -->
<testsuite hostname="DESKTOP-N1FQNGE" failures="0" tests="4" name="day20.ParamTest" time="0.227" errors="0" timestamp="2024-05-04T11:28:09 IST" skipped="0">
  <testcase classname="day20.ParamTest" name="testLogo" time="0.109"/>
  <system-out/>
  <testcase classname="day20.ParamTest" name="testLogo" time="0.083"/>
  <system-out/>
  <testcase classname="day20.ParamTest" name="testHomePageTitle" time="0.011"/>
  <system-out/>
  <testcase classname="day20.ParamTest" name="testHomePageTitle" time="0.024"/>
  <system-out/>
</testsuite> <!-- day20.ParamTest -->
