<?xml version="1.0" encoding="UTF-8"?>
<!-- Generated by org.testng.reporters.JUnitReportReporter -->
<testsuite hostname="DESKTOP-N1FQNGE" failures="0" tests="10" name="day20.InvocationCountDemo" time="0.024" errors="0" timestamp="2024-05-04T10:50:52 IST" skipped="0">
  <testcase classname="day20.InvocationCountDemo" name="test" time="0.002"/>
  <system-out/>
  <testcase classname="day20.InvocationCountDemo" name="test" time="0.001"/>
  <system-out/>
  <testcase classname="day20.InvocationCountDemo" name="test" time="0.002"/>
  <system-out/>
  <testcase classname="day20.InvocationCountDemo" name="test" time="0.002"/>
  <system-out/>
  <testcase classname="day20.InvocationCountDemo" name="test" time="0.001"/>
  <system-out/>
  <testcase classname="day20.InvocationCountDemo" name="test" time="0.001"/>
  <system-out/>
  <testcase classname="day20.InvocationCountDemo" name="test" time="0.012"/>
  <system-out/>
  <testcase classname="day20.InvocationCountDemo" name="test" time="0.001"/>
  <system-out/>
  <testcase classname="day20.InvocationCountDemo" name="test" time="0.001"/>
  <system-out/>
  <testcase classname="day20.InvocationCountDemo" name="test" time="0.001"/>
  <system-out/>
</testsuite> <!-- day20.InvocationCountDemo -->
