<?xml version="1.0" encoding="UTF-8"?>
<!-- Generated by org.testng.reporters.JUnitReportReporter -->
<testsuite hostname="DESKTOP-N1FQNGE" failures="0" tests="1" name="day18.AnnotationsDemo1" time="0.026" errors="0" timestamp="2024-05-02T19:22:51 IST" skipped="0">
  <testcase classname="day18.AnnotationsDemo1" name="advancedsearch" time="0.026"/>
  <system-out/>
</testsuite> <!-- day18.AnnotationsDemo1 -->
