<?xml version="1.0" encoding="UTF-8"?>
<!-- Generated by org.testng.reporters.JUnitReportReporter -->
<testsuite hostname="DESKTOP-N1FQNGE" failures="0" tests="2" name="day18.AnnotationsDemo2" time="0.011" errors="0" timestamp="2024-05-02T19:27:36 IST" skipped="0">
  <testcase classname="day18.AnnotationsDemo2" name="search" time="0.007"/>
  <system-out/>
  <testcase classname="day18.AnnotationsDemo2" name="advacedsearch" time="0.004"/>
  <system-out/>
</testsuite> <!-- day18.AnnotationsDemo2 -->
